<?xml version="1.0" encoding="UTF-8"?>
<!-- Generated by org.testng.reporters.JUnitReportReporter -->
<testsuite hostname="DESKTOP-JQ6FAIF" failures="0" tests="1" name="cucumberOptions.TestNGRunner" time="9.501" errors="0" timestamp="2024-07-27T11:58:23 IST" skipped="0">
  <testcase classname="cucumberOptions.TestNGRunner" name="runScenario" time="9.501"/>
</testsuite> <!-- cucumberOptions.TestNGRunner -->
